18.10.2024, 13:30:18 - ERROR - TypeError: Cannot read properties of undefined (reading 'some')
18.10.2024, 13:30:49 - ERROR - TypeError: Cannot read properties of undefined (reading 'some')
25.10.2024, 14:16:52 - INFO - User login:  | {"_id":"u102","fullName":"Tomer C","role":"admin","imgUrl":"https://dog.ceo/api/breeds/image/random"}
25.10.2024, 14:17:53 - ERROR - Failed to login | User not found
25.10.2024, 14:18:07 - ERROR - Failed to signup | Missing required fields
25.10.2024, 14:18:45 - DEBUG - auth.service - signup with username: new user, fullName: New User
25.10.2024, 14:18:45 - DEBUG - auth.route - new account created: {"username":"new user","password":"$2b$10$0e6yLqNlh3vzmBgwhGAJ1OOVPh.KJTQdDsF/puApxkBK.O.b.mVYa","fullName":"New User","_id":"gcfLRr","role":"user","createAt":1729855125578,"imgUrl":"https://dog.ceo/api/breeds/image/random"}
25.10.2024, 14:18:45 - INFO - User signup:  | {"_id":"gcfLRr","fullName":"New User","role":"user","imgUrl":"https://dog.ceo/api/breeds/image/random"}
25.10.2024, 14:19:23 - ERROR - Failed to login | User not found
25.10.2024, 18:04:11 - INFO - User login:  | {"_id":"u103","fullName":"Tut","role":"user","imgUrl":"https://dog.ceo/api/breeds/image/random"}
25.10.2024, 18:08:56 - INFO - User login:  | {"_id":"u103","fullName":"Tut","role":"user","imgUrl":"https://dog.ceo/api/breeds/image/random"}
25.10.2024, 19:02:28 - INFO - User login:  | {"_id":"u103","fullName":"Tut","role":"user","imgUrl":"https://dog.ceo/api/breeds/image/random"}
25.10.2024, 19:05:36 - INFO - User login:  | {"_id":"u103","fullName":"Tut","role":"user","imgUrl":"https://dog.ceo/api/breeds/image/random"}
25.10.2024, 19:08:51 - DEBUG - auth.service - signup with username: tomer2, fullName: tomer cc
25.10.2024, 19:08:51 - DEBUG - auth.route - new account created: {"username":"tomer2","password":"$2b$10$/0CIE/Twaf7V7QlJTLu9DuR/Q9JNxI/DmHzZo2h.0bkXUMvx3k16m","fullName":"tomer cc","_id":"GG8o6T","role":"user","createAt":1729872531708,"imgUrl":"https://dog.ceo/api/breeds/image/random"}
25.10.2024, 19:08:51 - INFO - User signup:  | {"_id":"GG8o6T","fullName":"tomer cc","role":"user","imgUrl":"https://dog.ceo/api/breeds/image/random"}
25.10.2024, 19:10:03 - INFO - User login:  | {"_id":"u103","fullName":"Tut","role":"user","imgUrl":"https://dog.ceo/api/breeds/image/random"}
25.10.2024, 19:11:26 - INFO - User login:  | {"_id":"u103","fullName":"Tut","role":"user","imgUrl":"https://dog.ceo/api/breeds/image/random"}
25.10.2024, 19:12:01 - INFO - User login:  | {"_id":"u103","fullName":"Tut","role":"user","imgUrl":"https://dog.ceo/api/breeds/image/random"}
25.10.2024, 19:12:43 - INFO - User login:  | {"_id":"u103","fullName":"Tut","role":"user","imgUrl":"https://dog.ceo/api/breeds/image/random"}
25.10.2024, 19:35:12 - INFO - User login:  | {"_id":"u103","fullName":"Tut","role":"user","imgUrl":"https://dog.ceo/api/breeds/image/random"}
25.10.2024, 19:37:43 - INFO - User login:  | {"_id":"u103","fullName":"Tut","role":"user","imgUrl":"https://dog.ceo/api/breeds/image/random"}
25.10.2024, 19:39:19 - INFO - User login:  | {"_id":"u103","fullName":"Tut","role":"user","imgUrl":"https://dog.ceo/api/breeds/image/random"}
25.10.2024, 19:49:02 - INFO - visited route /logout
25.10.2024, 20:02:30 - INFO - visited route /login
25.10.2024, 20:02:30 - INFO - User login:  | {"_id":"u103","fullName":"Tut","role":"user","imgUrl":"https://dog.ceo/api/breeds/image/random"}
25.10.2024, 20:04:47 - INFO - visited route /login
25.10.2024, 20:04:47 - INFO - User login:  | {"_id":"u103","fullName":"Tut","role":"user","imgUrl":"https://dog.ceo/api/breeds/image/random"}
25.10.2024, 20:06:16 - INFO - visited route /login
25.10.2024, 20:06:16 - INFO - User login:  | {"_id":"u103","fullName":"Tut","role":"user","imgUrl":"https://dog.ceo/api/breeds/image/random"}
25.10.2024, 20:27:10 - INFO - visited route /logout
25.10.2024, 20:27:40 - INFO - visited route /login
25.10.2024, 20:27:40 - INFO - User login:  | {"_id":"GG8o6T","fullName":"Admin","role":"admin","imgUrl":"https://dog.ceo/api/breeds/image/random"}
25.10.2024, 20:27:52 - INFO - visited route /logout
26.10.2024, 12:01:14 - INFO - visited route /login
26.10.2024, 12:01:14 - INFO - User login:  | {"_id":"u103","fullName":"Tut","role":"user","imgUrl":"https://dog.ceo/api/breeds/image/random"}
26.10.2024, 12:01:20 - ERROR - Couldn't get bug...
26.10.2024, 12:01:41 - ERROR - Couldn't get bug...
26.10.2024, 12:01:45 - ERROR - Couldn't get bug...
26.10.2024, 12:01:54 - ERROR - Couldn't get bug...
26.10.2024, 12:02:15 - ERROR - Couldn't get bug...
26.10.2024, 12:02:16 - ERROR - Couldn't get bug...
26.10.2024, 12:02:45 - ERROR - Couldn't get bug...
26.10.2024, 12:03:15 - ERROR - Couldn't get bug...
26.10.2024, 12:04:07 - ERROR - Couldn't get bug...
26.10.2024, 12:04:19 - ERROR - Couldn't get bug...
26.10.2024, 12:05:12 - ERROR - Couldn't get bug...
26.10.2024, 12:06:21 - ERROR - Couldn't get bug...
26.10.2024, 12:06:29 - ERROR - Couldn't get bug...
26.10.2024, 12:06:30 - ERROR - Couldn't get bug...
26.10.2024, 12:06:43 - ERROR - Couldn't get bug...
26.10.2024, 12:07:33 - ERROR - Couldn't get bug...
26.10.2024, 12:07:56 - ERROR - Couldn't get bug...
26.10.2024, 12:08:39 - ERROR - Couldn't get bug...
26.10.2024, 12:09:51 - ERROR - ReferenceError: Cannot access 'bugs' before initialization
26.10.2024, 12:09:56 - ERROR - ReferenceError: Cannot access 'bugs' before initialization
26.10.2024, 12:10:29 - ERROR - ReferenceError: Cannot access 'bugs' before initialization
26.10.2024, 12:12:07 - ERROR - ReferenceError: Cannot access 'bugs' before initialization
26.10.2024, 12:13:10 - ERROR - ReferenceError: Cannot access 'bugs' before initialization
26.10.2024, 12:14:08 - ERROR - ReferenceError: Cannot access 'bugs' before initialization
26.10.2024, 12:16:49 - ERROR - ReferenceError: Cannot access 'bugs' before initialization
26.10.2024, 12:16:49 - ERROR - ReferenceError: Cannot access 'bugs' before initialization
26.10.2024, 12:17:46 - ERROR - ReferenceError: Cannot access 'bugs' before initialization
26.10.2024, 12:22:30 - INFO - visited route /logout
26.10.2024, 12:22:35 - INFO - visited route /login
26.10.2024, 12:22:35 - INFO - User login:  | {"_id":"GG8o6T","fullName":"Admin","role":"admin","imgUrl":"https://dog.ceo/api/breeds/image/random"}
26.10.2024, 12:23:55 - INFO - visited route /logout
26.10.2024, 12:23:59 - INFO - visited route /login
26.10.2024, 12:23:59 - INFO - User login:  | {"_id":"u103","fullName":"Tut","role":"user","imgUrl":"https://dog.ceo/api/breeds/image/random"}
27.10.2024, 8:21:16 - INFO - visited route /logout
27.10.2024, 8:21:19 - INFO - visited route /login
27.10.2024, 8:21:19 - INFO - User login:  | {"_id":"GG8o6T","fullName":"Admin","role":"admin","imgUrl":"https://dog.ceo/api/breeds/image/random"}
27.10.2024, 15:06:26 - INFO - visited route /logout
27.10.2024, 15:06:31 - INFO - visited route /login
27.10.2024, 15:06:31 - INFO - User login:  | {"_id":"GG8o6T","fullName":"Admin","role":"admin","imgUrl":"https://dog.ceo/api/breeds/image/random"}
27.10.2024, 15:08:34 - INFO - visited route /logout
27.10.2024, 15:08:37 - INFO - visited route /login
27.10.2024, 15:08:37 - INFO - User login:  | {"_id":"GG8o6T","fullName":"Admin","role":"admin","imgUrl":"https://dog.ceo/api/breeds/image/random"}
27.10.2024, 15:08:56 - INFO - visited route /logout
27.10.2024, 15:08:59 - INFO - visited route /login
27.10.2024, 15:08:59 - INFO - User login:  | {"_id":"GG8o6T","fullName":"Admin","role":"admin","imgUrl":"https://dog.ceo/api/breeds/image/random"}
27.10.2024, 15:10:39 - INFO - visited route /logout
27.10.2024, 15:10:43 - INFO - visited route /login
27.10.2024, 15:10:43 - INFO - User login:  | {"_id":"u103","fullName":"Tut","role":"user","imgUrl":"https://dog.ceo/api/breeds/image/random"}
27.10.2024, 15:10:46 - INFO - visited route /logout
27.10.2024, 15:10:49 - INFO - visited route /login
27.10.2024, 15:10:49 - INFO - User login:  | {"_id":"GG8o6T","fullName":"Admin","role":"admin","imgUrl":"https://dog.ceo/api/breeds/image/random"}
